<?xml version="1.0" encoding="UTF-8"?>
<testsuite xmlns:xsi="http://www.w3.org/2001/XMLSchema-instance" xsi:noNamespaceSchemaLocation="https://maven.apache.org/surefire/maven-surefire-plugin/xsd/surefire-test-report.xsd" version="3.0.2" name="com.mastercard.mcs.clicktopay.service.MasterCardC2PMerchantRegistrationServiceTest" time="0.7" tests="7" errors="0" skipped="0" failures="0">
  <properties>
[...]
</properties>
  <testcase name="testSubmitDpaBatch_shouldReturnSuccessfulResponse(boolean)[1]" classname="com.mastercard.mcs.clicktopay.service.MasterCardC2PMerchantRegistrationServiceTest" time="0.512">
    <system-out><![CDATA[2025-08-04T20:15:18.571Z  INFO 89865 --- [clicktopay] [           main] t.c.s.AnnotationConfigContextLoaderUtils : Could not detect default configuration classes for test class [com.mastercard.mcs.clicktopay.service.MasterCardC2PMerchantRegistrationServiceTest]: MasterCardC2PMerchantRegistrationServiceTest does not declare any static, non-private, non-final, nested classes annotated with @Configuration.
2025-08-04T20:15:18.576Z  INFO 89865 --- [clicktopay] [           main] .b.t.c.SpringBootTestContextBootstrapper : Found @SpringBootConfiguration com.mastercard.mcs.clicktopay.ClickToPayReferenceApplication for test class com.mastercard.mcs.clicktopay.service.MasterCardC2PMerchantRegistrationServiceTest
]]></system-out>
  </testcase>
  <testcase name="testSubmitDpaBatch_shouldReturnSuccessfulResponse(boolean)[2]" classname="com.mastercard.mcs.clicktopay.service.MasterCardC2PMerchantRegistrationServiceTest" time="0.015"/>
  <testcase name="testGetDpaBatchStatus_shouldReturnSuccessfulResponse(boolean)[1]" classname="com.mastercard.mcs.clicktopay.service.MasterCardC2PMerchantRegistrationServiceTest" time="0.01"/>
  <testcase name="testGetDpaBatchStatus_shouldReturnSuccessfulResponse(boolean)[2]" classname="com.mastercard.mcs.clicktopay.service.MasterCardC2PMerchantRegistrationServiceTest" time="0.012"/>
  <testcase name="testGetDpaBatchStatus_shouldThrowApiException" classname="com.mastercard.mcs.clicktopay.service.MasterCardC2PMerchantRegistrationServiceTest" time="0.011"/>
  <testcase name="testCreateMerchantRegistrationApi_returnsInstance" classname="com.mastercard.mcs.clicktopay.service.MasterCardC2PMerchantRegistrationServiceTest" time="0.005"/>
  <testcase name="testSubmitDpaBatch_shouldThrowApiException" classname="com.mastercard.mcs.clicktopay.service.MasterCardC2PMerchantRegistrationServiceTest" time="0.007"/>
</testsuite>